<?xml version="1.0" encoding="UTF-8"?>
<!-- Generated by org.testng.reporters.JUnitReportReporter -->
<testsuite skipped="0" hostname="DESKTOP-AOTV5IP" name="script.Test1" tests="1" failures="0" timestamp="2023-01-08T02:22:29 IST" time="7.614" errors="0">
  <testcase name="loginTest" time="7.614" classname="script.Test1"/>
  <system-out/>
</testsuite> <!-- script.Test1 -->
