<?xml version="1.0" encoding="UTF-8"?>
<!-- Generated by org.testng.reporters.JUnitReportReporter -->
<testsuite skipped="0" hostname="DESKTOP-AOTV5IP" name="testng_programs.P13" tests="4" failures="0" timestamp="2023-01-05T00:02:24 IST" time="0.033" errors="0">
  <testcase name="script" time="0.004" classname="testng_programs.P13"/>
  <system-out/>
  <testcase name="script" time="0.003" classname="testng_programs.P13"/>
  <system-out/>
  <testcase name="script" time="0.014" classname="testng_programs.P13"/>
  <system-out/>
  <testcase name="script" time="0.012" classname="testng_programs.P13"/>
  <system-out/>
</testsuite> <!-- testng_programs.P13 -->
