<?xml version="1.0" encoding="UTF-8"?>
<!-- Generated by org.testng.reporters.JUnitReportReporter -->
<testsuite skipped="0" hostname="DESKTOP-AOTV5IP" name="testng_programs.P3" tests="2" failures="0" timestamp="2023-01-01T14:01:41 IST" time="16.766" errors="0">
  <testcase name="actiLoginScript" time="12.631" classname="testng_programs.P3"/>
  <system-out/>
  <testcase name="fbLoginScript" time="4.135" classname="testng_programs.P3"/>
  <system-out/>
</testsuite> <!-- testng_programs.P3 -->
