<?xml version="1.0" encoding="UTF-8"?>
<!-- Generated by org.testng.reporters.JUnitReportReporter -->
<testsuite skipped="0" hostname="DESKTOP-AOTV5IP" name="testng_programs.P12" tests="2" failures="0" timestamp="2023-01-01T14:57:54 IST" time="24.661" errors="0">
  <testcase name="actiLoginScript" time="14.943" classname="testng_programs.P12"/>
  <system-out/>
  <testcase name="actiLoginScript" time="9.718" classname="testng_programs.P12"/>
  <system-out/>
</testsuite> <!-- testng_programs.P12 -->
