<?xml version="1.0" encoding="UTF-8"?>
<!-- Generated by org.testng.reporters.JUnitReportReporter -->
<testsuite skipped="0" hostname="DESKTOP-AOTV5IP" name="testng_programs.P14" tests="3" failures="0" timestamp="2022-12-27T08:59:06 IST" time="147.220" errors="0">
  <testcase name="actiLoginScript" time="48.600" classname="testng_programs.P14"/>
  <system-out/>
  <testcase name="actiLoginScript" time="49.430" classname="testng_programs.P14"/>
  <system-out/>
  <testcase name="actiLoginScript" time="49.190" classname="testng_programs.P14"/>
  <system-out/>
</testsuite> <!-- testng_programs.P14 -->
