<?xml version="1.0" encoding="UTF-8"?>
<!-- Generated by org.testng.reporters.JUnitReportReporter -->
<testsuite skipped="0" hostname="DESKTOP-AOTV5IP" name="testng_programs.P11" tests="2" failures="0" timestamp="2023-01-01T14:57:54 IST" time="28.624" errors="0">
  <testcase name="fbLoginScript" time="10.352" classname="testng_programs.P11"/>
  <system-out/>
  <testcase name="fbLoginScript" time="18.272" classname="testng_programs.P11"/>
  <system-out/>
</testsuite> <!-- testng_programs.P11 -->
