<?xml version="1.0" encoding="UTF-8"?>
<!-- Generated by org.testng.reporters.JUnitReportReporter -->
<testsuite skipped="0" hostname="DESKTOP-AOTV5IP" name="testng_programs.P9" tests="1" failures="0" timestamp="2022-12-27T01:31:47 IST" time="0.000" errors="0">
  <testcase name="demo" time="0.000" classname="testng_programs.P9"/>
  <system-out/>
</testsuite> <!-- testng_programs.P9 -->
