<?xml version="1.0" encoding="UTF-8"?>
<!-- Generated by org.testng.reporters.JUnitReportReporter -->
<testsuite skipped="0" hostname="DESKTOP-AOTV5IP" name="testng_programs.P21" tests="4" failures="0" timestamp="2023-01-04T18:54:28 IST" time="0.026" errors="0">
  <testcase name="logoutScript" time="0.001" classname="testng_programs.P21"/>
  <system-out/>
  <testcase name="createUserScript" time="0.004" classname="testng_programs.P21"/>
  <system-out/>
  <testcase name="userScript" time="0.006" classname="testng_programs.P21"/>
  <system-out/>
  <testcase name="loginScript" time="0.015" classname="testng_programs.P21"/>
  <system-out/>
</testsuite> <!-- testng_programs.P21 -->
