<?xml version="1.0" encoding="UTF-8"?>
<!-- Generated by org.testng.reporters.JUnitReportReporter -->
<testsuite skipped="0" hostname="DESKTOP-AOTV5IP" name="testng_programs.P15" tests="1" failures="0" timestamp="2022-12-26T10:09:35 IST" time="29.139" errors="0">
  <testcase name="adduserScript" time="29.139" classname="testng_programs.P15"/>
  <system-out/>
</testsuite> <!-- testng_programs.P15 -->
