<?xml version="1.0" encoding="UTF-8"?>
<!-- Generated by org.testng.reporters.JUnitReportReporter -->
<testsuite skipped="0" hostname="DESKTOP-AOTV5IP" name="testng_programs.P1" tests="1" failures="0" timestamp="2023-01-01T14:25:31 IST" time="0.031" errors="0">
  <testcase name="script" time="0.031" classname="testng_programs.P1"/>
  <system-out/>
</testsuite> <!-- testng_programs.P1 -->
