<?xml version="1.0" encoding="UTF-8"?>
<!-- Generated by org.testng.reporters.JUnitReportReporter -->
<testsuite skipped="0" hostname="DESKTOP-AOTV5IP" name="testng_programs.Test2" tests="1" failures="0" timestamp="2022-12-21T09:44:49 IST" time="5.179" errors="0">
  <testcase name="fbLoginScript" time="5.179" classname="testng_programs.Test2"/>
  <system-out/>
</testsuite> <!-- testng_programs.Test2 -->
