<?xml version="1.0" encoding="UTF-8"?>
<!-- Generated by org.testng.reporters.JUnitReportReporter -->
<testsuite skipped="0" hostname="DESKTOP-AOTV5IP" name="script.P2" tests="2" failures="0" timestamp="2023-01-06T09:50:22 IST" time="20.227" errors="0">
  <testcase name="fbLoginScript" time="4.872" classname="script.P2"/>
  <system-out/>
  <testcase name="actiLoginScript" time="15.355" classname="script.P2"/>
  <system-out/>
</testsuite> <!-- script.P2 -->
